make all --print-data-base --no-builtin-variables --no-builtin-rules --question
# GNU Make 4.3
# Built for x86_64-pc-linux-gnu
# Copyright (C) 1988-2020 Free Software Foundation, Inc.
# License GPLv3+: GNU GPL version 3 or later <http://gnu.org/licenses/gpl.html>
# This is free software: you are free to change and redistribute it.
# There is NO WARRANTY, to the extent permitted by law.

# Make data base, printed on Thu Feb 20 14:00:10 2025

# Variables

# environment
LC_ALL = C
# environment
PNPM_HOME = /home/netklue/.local/share/pnpm
# environment
POSH_THEME = /home/netklue/.poshthemes/catppuccin_macchiato.omp.json
# environment
PULSE_SERVER = unix:/mnt/wslg/PulseServer
# environment
HOMEBREW_PREFIX = /home/linuxbrew/.linuxbrew
# environment
WSLENV = VSCODE_WSL_EXT_LOCATION/up
# environment
VSCODE_CWD = /mnt/c/Users/St.Klue/AppData/Local/Programs/Microsoft VS Code
# environment
POSH_PROMPT_COUNT = 0
# environment
NVM_DIR = /home/netklue/.nvm
# default
MAKE_COMMAND := make
# environment
VSCODE_HANDLES_SIGPIPE = true
# automatic
@D = $(patsubst %/,%,$(dir $@))
# environment
VSCODE_HANDLES_UNCAUGHT_ERRORS = true
# default
.VARIABLES := 
# environment
PWD = /home/netklue/Projects/knight
# automatic
%D = $(patsubst %/,%,$(dir $%))
# environment
OLDPWD = /mnt/c/Users/St.Klue/AppData/Local/Programs/Microsoft VS Code
# automatic
^D = $(patsubst %/,%,$(dir $^))
# automatic
%F = $(notdir $%)
# environment
NVM_INC = /home/netklue/.nvm/versions/node/v21.4.0/include/node
# environment
CONDA_PROMPT_MODIFIER = false
# environment
LANG = C
# default
.LOADED := 
# environment
HOMEBREW_REPOSITORY = /home/linuxbrew/.linuxbrew/Homebrew
# default
.INCLUDE_DIRS = /usr/local/include /usr/include /usr/include
# makefile
MAKEFLAGS = pqrR
# makefile
CURDIR := /home/netklue/Projects/knight
# environment
POSH_PID = 3088
# environment
APPLICATION_INSIGHTS_NO_DIAGNOSTIC_CHANNEL = true
# environment
POWERLINE_COMMAND = oh-my-posh
# automatic
*D = $(patsubst %/,%,$(dir $*))
# environment
MFLAGS = -pqrR
# default
.SHELLFLAGS := -c
# environment
NVM_BIN = /home/netklue/.nvm/versions/node/v21.4.0/bin
# environment
WSL2_GUI_APPS_ENABLED = 1
# environment
WAYLAND_DISPLAY = wayland-0
# automatic
+D = $(patsubst %/,%,$(dir $+))
# makefile (from 'Makefile', line 1)
MAKEFILE_LIST := Makefile
# automatic
@F = $(notdir $@)
# automatic
?D = $(patsubst %/,%,$(dir $?))
# automatic
*F = $(notdir $*)
# automatic
<D = $(patsubst %/,%,$(dir $<))
# environment
VSCODE_NLS_CONFIG = {"userLocale":"en","osLocale":"en","resolvedLanguage":"en","defaultMessagesFile":"/home/netklue/.vscode-server/bin/e54c774e0add60467559eb0d1e229c6452cf8447/out/nls.messages.json","locale":"en","availableLanguages":{}}
# default
MAKE_HOST := x86_64-pc-linux-gnu
# environment
INFOPATH = /home/linuxbrew/.linuxbrew/share/info:
# makefile
SHELL = /bin/sh
# default
MAKECMDGOALS := all
# environment
SHLVL = 0
# environment
MAKELEVEL := 0
# default
MAKE = $(MAKE_COMMAND)
# environment
PATH = /home/netklue/.vscode-server/bin/e54c774e0add60467559eb0d1e229c6452cf8447/bin/remote-cli:/bin:/usr/local/go/bin:/home/netklue/.local/share/pnpm:/home/netklue/.nvm/versions/node/v21.4.0/bin:/home/linuxbrew/.linuxbrew/bin:/home/linuxbrew/.linuxbrew/sbin:/usr/local/sbin:/usr/local/bin:/usr/sbin:/usr/bin:/sbin:/bin:/usr/games:/usr/local/games:/usr/lib/wsl/lib:/mnt/c/Program Files/Java/jdk-11.0.14/bin:/mnt/c/Windows/system32:/mnt/c/Windows:/mnt/c/Windows/System32/Wbem:/mnt/c/Windows/System32/WindowsPowerShell/v1.0/:/mnt/c/Windows/System32/OpenSSH/:/mnt/c/Program Files/Git/cmd:/mnt/c/ProgramData/chocolatey/bin:/mnt/c/src/flutter/bin:/mnt/c/Users/St.Klue/AppData/Local/Pub/Cache/bin:/mnt/c/Program Files/dotnet/:/mnt/c/Program Files/MySQL/MySQL Server 8.0/bin:/mnt/c/Program Files/Microsoft SQL Server/150/Tools/Binn/:/mnt/c/Program Files/Microsoft SQL Server/Client SDK/ODBC/170/Tools/Binn/:/mnt/c/Program Files (x86)/Microsoft SQL Server/150/Tools/Binn/:/mnt/c/Program Files/Microsoft SQL Server/150/DTS/Binn/:/mnt/c/WINDOWS/system32:/mnt/c/WINDOWS:/mnt/c/WINDOWS/System32/Wbem:/mnt/c/WINDOWS/System32/WindowsPowerShell/v1.0/:/mnt/c/WINDOWS/System32/OpenSSH/:/mnt/c/Program Files/Docker/Docker/resources/bin:/mnt/c/Users/St.Klue/AppData/Local/pnpm:/mnt/c/Users/St.Klue/.cargo/bin:/mnt/c/src/flutter/bin:/mnt/c/src/flutter/.pub-cache/bin:/mnt/c/Users/St.Klue/AppData/Roaming/cabal/bin:/mnt/c/Users/St.Klue/.dotnet/tools:/mnt/c/tools/ghc-9.0.1/bin:/mnt/c/tools/msys64:/mnt/c/Users/St.Klue/AppData/Local/Programs/Microsoft VS Code/bin:/mnt/c/Users/St.Klue/AppData/Local/Pub/Cache/bin:/mnt/c/Users/St.Klue/AppData/Local/Microsoft/WindowsApps:/mnt/c/ghcup/bin:/mnt/c/tools/neovim/nvim-win64/bin:/mnt/c/Users/St.Klue/AppData/Local/Programs/oh-my-posh/bin:/mnt/c/Program Files/JetBrains/WebStorm 2024.3/bin:/home/netklue/.local/bin/zig/:/usr/local/go/bin:/usr/local/postgresql/17/bin
# default
MAKEFILES := 
# automatic
^F = $(notdir $^)
# environment
GOROOT = /usr/local/go
# automatic
?F = $(notdir $?)
# environment
NAME = Main
# environment
HOSTTYPE = x86_64
# automatic
+F = $(notdir $+)
# environment
WSL_INTEROP = /run/WSL/3051_interop
# 'override' directive
GNUMAKEFLAGS := 
# environment
LOGNAME = netklue
# environment
VSCODE_WSL_EXT_LOCATION = /mnt/c/Users/St.Klue/.vscode/extensions/ms-vscode-remote.remote-wsl-0.88.5
# makefile
.DEFAULT_GOAL := all
# environment
DISPLAY = :0
# environment
USER = netklue
# default
MAKE_VERSION := 4.3
# environment
HOMEBREW_CELLAR = /home/linuxbrew/.linuxbrew/Cellar
# environment
_ = /home/netklue/.vscode-server/bin/e54c774e0add60467559eb0d1e229c6452cf8447/node
# environment
XDG_RUNTIME_DIR = /mnt/wslg/runtime-dir
# environment
VSCODE_IPC_HOOK_CLI = /mnt/wslg/runtime-dir/vscode-ipc-e75826ae-7944-4f39-aca1-7705cacde21c.sock
# environment
NVM_CD_FLAGS = -q
# environment
HOME = /home/netklue
# environment
ELECTRON_RUN_AS_NODE = 1
# environment
TERM = xterm-256color
# default
.RECIPEPREFIX := 
# automatic
<F = $(notdir $<)
# default
SUFFIXES := 
# environment
WSL_DISTRO_NAME = Ubuntu
# default
.FEATURES := target-specific order-only second-expansion else-if shortest-stem undefine oneshell nocomment grouped-target extra-prereqs archives jobserver output-sync check-symlink load
# environment
VSCODE_ESM_ENTRYPOINT = vs/workbench/api/node/extensionHostProcess
# variable set hash-table stats:
# Load=80/1024=8%, Rehash=0, Collisions=7/113=6%

# Pattern-specific Variable Values

# No pattern-specific variable values.

# Directories

# . (device 2080, inode 118628): 11 files, no impossibilities.

# 11 files, no impossibilities in 1 directories.

# Implicit Rules

# No implicit rules.

# Files

# Not a target:
Makefile:
#  Implicit rule search has been done.
#  Last modified 2025-02-18 15:37:46.173650045
#  File has been updated.
#  Successfully updated.

# Not a target:
.DEFAULT:
#  Implicit rule search has not been done.
#  Modification time never checked.
#  File has not been updated.

all:
#  Command line target.
#  Implicit rule search has not been done.
#  Implicit/static pattern stem: ''
#  File does not exist.
#  File has been updated.
#  Needs to be updated (-q is set).
# automatic
# @ := all
# automatic
# * := 
# automatic
# < := 
# automatic
# + := 
# automatic
# % := 
# automatic
# ^ := 
# automatic
# ? := 
# automatic
# | := 
# variable set hash-table stats:
# Load=8/32=25%, Rehash=0, Collisions=1/11=9%
#  recipe to execute (from 'Makefile', line 2):
	gcc knight.c init.c bitboard.c -o knight

# Not a target:
.SUFFIXES:
#  Implicit rule search has not been done.
#  Modification time never checked.
#  File has not been updated.

# files hash-table stats:
# Load=4/1024=0%, Rehash=0, Collisions=0/16=0%
# VPATH Search Paths

# No 'vpath' search paths.

# No general ('VPATH' variable) search path.

# strcache buffers: 1 (0) / strings = 16 / storage = 133 B / avg = 8 B
# current buf: size = 8162 B / used = 133 B / count = 16 / avg = 8 B

# strcache performance: lookups = 23 / hit rate = 30%
# hash-table stats:
# Load=16/8192=0%, Rehash=0, Collisions=0/23=0%
# Finished Make data base on Thu Feb 20 14:00:10 2025

 
